  [1m[35m (1.3ms)[0m  [1m[34mSELECT pg_try_advisory_lock(2700131437780818300)[0m
  ↳ /home/jean/.rbenv/versions/2.5.1/bin/rake:23
  [1m[35m (120.1ms)[0m  [1m[34mSELECT "schema_migrations"."version" FROM "schema_migrations" ORDER BY "schema_migrations"."version" ASC[0m
  ↳ /home/jean/.rbenv/versions/2.5.1/bin/rake:23
Migrating to CreateCadastroProds (20180927025058)
  [1m[35m (0.5ms)[0m  [1m[35mBEGIN[0m
  ↳ /home/jean/.rbenv/versions/2.5.1/bin/rake:23
  [1m[35m (567.8ms)[0m  [1m[35mCREATE TABLE "cadastro_prods" ("id" bigserial primary key, "categoria" character varying, "produto" character varying, "preco" decimal, "info" text, "created_at" timestamp NOT NULL, "updated_at" timestamp NOT NULL)[0m
  ↳ db/migrate/20180927025058_create_cadastro_prods.rb:3
  [1m[36mActiveRecord::SchemaMigration Create (1.1ms)[0m  [1m[32mINSERT INTO "schema_migrations" ("version") VALUES ($1) RETURNING "version"[0m  [["version", "20180927025058"]]
  ↳ /home/jean/.rbenv/versions/2.5.1/bin/rake:23
  [1m[35m (61.7ms)[0m  [1m[35mCOMMIT[0m
  ↳ /home/jean/.rbenv/versions/2.5.1/bin/rake:23
  [1m[36mActiveRecord::InternalMetadata Load (58.5ms)[0m  [1m[34mSELECT  "ar_internal_metadata".* FROM "ar_internal_metadata" WHERE "ar_internal_metadata"."key" = $1 LIMIT $2[0m  [["key", "environment"], ["LIMIT", 1]]
  ↳ /home/jean/.rbenv/versions/2.5.1/bin/rake:23
  [1m[35m (0.2ms)[0m  [1m[35mBEGIN[0m
  ↳ /home/jean/.rbenv/versions/2.5.1/bin/rake:23
  [1m[35m (0.1ms)[0m  [1m[35mCOMMIT[0m
  ↳ /home/jean/.rbenv/versions/2.5.1/bin/rake:23
  [1m[35m (0.3ms)[0m  [1m[34mSELECT pg_advisory_unlock(2700131437780818300)[0m
  ↳ /home/jean/.rbenv/versions/2.5.1/bin/rake:23
  [1m[35m (0.2ms)[0m  [1m[34mSELECT "schema_migrations"."version" FROM "schema_migrations" ORDER BY "schema_migrations"."version" ASC[0m
  ↳ /home/jean/.rbenv/versions/2.5.1/bin/rake:23
Started GET "/" for 127.0.0.1 at 2018-09-27 00:11:46 -0300
  [1m[35m (14.6ms)[0m  [1m[34mSELECT "schema_migrations"."version" FROM "schema_migrations" ORDER BY "schema_migrations"."version" ASC[0m
  ↳ /home/jean/.rbenv/versions/2.5.1/lib/ruby/gems/2.5.0/gems/activerecord-5.2.1/lib/active_record/log_subscriber.rb:98
Processing by Rails::WelcomeController#index as HTML
  Rendering /home/jean/.rbenv/versions/2.5.1/lib/ruby/gems/2.5.0/gems/railties-5.2.1/lib/rails/templates/rails/welcome/index.html.erb
  Rendered /home/jean/.rbenv/versions/2.5.1/lib/ruby/gems/2.5.0/gems/railties-5.2.1/lib/rails/templates/rails/welcome/index.html.erb (114.6ms)
Completed 200 OK in 872ms (Views: 529.3ms | ActiveRecord: 0.0ms)


Started GET "/CadastrarProds" for 127.0.0.1 at 2018-09-27 00:12:16 -0300
  
ActionController::RoutingError (No route matches [GET] "/CadastrarProds"):
  
actionpack (5.2.1) lib/action_dispatch/middleware/debug_exceptions.rb:65:in `call'
web-console (3.7.0) lib/web_console/middleware.rb:135:in `call_app'
web-console (3.7.0) lib/web_console/middleware.rb:30:in `block in call'
web-console (3.7.0) lib/web_console/middleware.rb:20:in `catch'
web-console (3.7.0) lib/web_console/middleware.rb:20:in `call'
actionpack (5.2.1) lib/action_dispatch/middleware/show_exceptions.rb:33:in `call'
railties (5.2.1) lib/rails/rack/logger.rb:38:in `call_app'
railties (5.2.1) lib/rails/rack/logger.rb:26:in `block in call'
activesupport (5.2.1) lib/active_support/tagged_logging.rb:71:in `block in tagged'
activesupport (5.2.1) lib/active_support/tagged_logging.rb:28:in `tagged'
activesupport (5.2.1) lib/active_support/tagged_logging.rb:71:in `tagged'
railties (5.2.1) lib/rails/rack/logger.rb:26:in `call'
sprockets-rails (3.2.1) lib/sprockets/rails/quiet_assets.rb:13:in `call'
actionpack (5.2.1) lib/action_dispatch/middleware/remote_ip.rb:81:in `call'
actionpack (5.2.1) lib/action_dispatch/middleware/request_id.rb:27:in `call'
rack (2.0.5) lib/rack/method_override.rb:22:in `call'
rack (2.0.5) lib/rack/runtime.rb:22:in `call'
activesupport (5.2.1) lib/active_support/cache/strategy/local_cache_middleware.rb:29:in `call'
actionpack (5.2.1) lib/action_dispatch/middleware/executor.rb:14:in `call'
actionpack (5.2.1) lib/action_dispatch/middleware/static.rb:127:in `call'
rack (2.0.5) lib/rack/sendfile.rb:111:in `call'
railties (5.2.1) lib/rails/engine.rb:524:in `call'
puma (3.12.0) lib/puma/configuration.rb:225:in `call'
puma (3.12.0) lib/puma/server.rb:658:in `handle_request'
puma (3.12.0) lib/puma/server.rb:472:in `process_client'
puma (3.12.0) lib/puma/server.rb:332:in `block in run'
puma (3.12.0) lib/puma/thread_pool.rb:133:in `block in spawn_thread'
Started GET "/CadastrarProd" for 127.0.0.1 at 2018-09-27 00:12:22 -0300
  
ActionController::RoutingError (No route matches [GET] "/CadastrarProd"):
  
actionpack (5.2.1) lib/action_dispatch/middleware/debug_exceptions.rb:65:in `call'
web-console (3.7.0) lib/web_console/middleware.rb:135:in `call_app'
web-console (3.7.0) lib/web_console/middleware.rb:30:in `block in call'
web-console (3.7.0) lib/web_console/middleware.rb:20:in `catch'
web-console (3.7.0) lib/web_console/middleware.rb:20:in `call'
actionpack (5.2.1) lib/action_dispatch/middleware/show_exceptions.rb:33:in `call'
railties (5.2.1) lib/rails/rack/logger.rb:38:in `call_app'
railties (5.2.1) lib/rails/rack/logger.rb:26:in `block in call'
activesupport (5.2.1) lib/active_support/tagged_logging.rb:71:in `block in tagged'
activesupport (5.2.1) lib/active_support/tagged_logging.rb:28:in `tagged'
activesupport (5.2.1) lib/active_support/tagged_logging.rb:71:in `tagged'
railties (5.2.1) lib/rails/rack/logger.rb:26:in `call'
sprockets-rails (3.2.1) lib/sprockets/rails/quiet_assets.rb:13:in `call'
actionpack (5.2.1) lib/action_dispatch/middleware/remote_ip.rb:81:in `call'
actionpack (5.2.1) lib/action_dispatch/middleware/request_id.rb:27:in `call'
rack (2.0.5) lib/rack/method_override.rb:22:in `call'
rack (2.0.5) lib/rack/runtime.rb:22:in `call'
activesupport (5.2.1) lib/active_support/cache/strategy/local_cache_middleware.rb:29:in `call'
actionpack (5.2.1) lib/action_dispatch/middleware/executor.rb:14:in `call'
actionpack (5.2.1) lib/action_dispatch/middleware/static.rb:127:in `call'
rack (2.0.5) lib/rack/sendfile.rb:111:in `call'
railties (5.2.1) lib/rails/engine.rb:524:in `call'
puma (3.12.0) lib/puma/configuration.rb:225:in `call'
puma (3.12.0) lib/puma/server.rb:658:in `handle_request'
puma (3.12.0) lib/puma/server.rb:472:in `process_client'
puma (3.12.0) lib/puma/server.rb:332:in `block in run'
puma (3.12.0) lib/puma/thread_pool.rb:133:in `block in spawn_thread'
Started GET "/CadastrarProds/new" for 127.0.0.1 at 2018-09-27 00:12:29 -0300
  
ActionController::RoutingError (No route matches [GET] "/CadastrarProds/new"):
  
actionpack (5.2.1) lib/action_dispatch/middleware/debug_exceptions.rb:65:in `call'
web-console (3.7.0) lib/web_console/middleware.rb:135:in `call_app'
web-console (3.7.0) lib/web_console/middleware.rb:30:in `block in call'
web-console (3.7.0) lib/web_console/middleware.rb:20:in `catch'
web-console (3.7.0) lib/web_console/middleware.rb:20:in `call'
actionpack (5.2.1) lib/action_dispatch/middleware/show_exceptions.rb:33:in `call'
railties (5.2.1) lib/rails/rack/logger.rb:38:in `call_app'
railties (5.2.1) lib/rails/rack/logger.rb:26:in `block in call'
activesupport (5.2.1) lib/active_support/tagged_logging.rb:71:in `block in tagged'
activesupport (5.2.1) lib/active_support/tagged_logging.rb:28:in `tagged'
activesupport (5.2.1) lib/active_support/tagged_logging.rb:71:in `tagged'
railties (5.2.1) lib/rails/rack/logger.rb:26:in `call'
sprockets-rails (3.2.1) lib/sprockets/rails/quiet_assets.rb:13:in `call'
actionpack (5.2.1) lib/action_dispatch/middleware/remote_ip.rb:81:in `call'
actionpack (5.2.1) lib/action_dispatch/middleware/request_id.rb:27:in `call'
rack (2.0.5) lib/rack/method_override.rb:22:in `call'
rack (2.0.5) lib/rack/runtime.rb:22:in `call'
activesupport (5.2.1) lib/active_support/cache/strategy/local_cache_middleware.rb:29:in `call'
actionpack (5.2.1) lib/action_dispatch/middleware/executor.rb:14:in `call'
actionpack (5.2.1) lib/action_dispatch/middleware/static.rb:127:in `call'
rack (2.0.5) lib/rack/sendfile.rb:111:in `call'
railties (5.2.1) lib/rails/engine.rb:524:in `call'
puma (3.12.0) lib/puma/configuration.rb:225:in `call'
puma (3.12.0) lib/puma/server.rb:658:in `handle_request'
puma (3.12.0) lib/puma/server.rb:472:in `process_client'
puma (3.12.0) lib/puma/server.rb:332:in `block in run'
puma (3.12.0) lib/puma/thread_pool.rb:133:in `block in spawn_thread'
Started GET "/CadastroProds" for 127.0.0.1 at 2018-09-27 00:12:40 -0300
  
ActionController::RoutingError (No route matches [GET] "/CadastroProds"):
  
actionpack (5.2.1) lib/action_dispatch/middleware/debug_exceptions.rb:65:in `call'
web-console (3.7.0) lib/web_console/middleware.rb:135:in `call_app'
web-console (3.7.0) lib/web_console/middleware.rb:30:in `block in call'
web-console (3.7.0) lib/web_console/middleware.rb:20:in `catch'
web-console (3.7.0) lib/web_console/middleware.rb:20:in `call'
actionpack (5.2.1) lib/action_dispatch/middleware/show_exceptions.rb:33:in `call'
railties (5.2.1) lib/rails/rack/logger.rb:38:in `call_app'
railties (5.2.1) lib/rails/rack/logger.rb:26:in `block in call'
activesupport (5.2.1) lib/active_support/tagged_logging.rb:71:in `block in tagged'
activesupport (5.2.1) lib/active_support/tagged_logging.rb:28:in `tagged'
activesupport (5.2.1) lib/active_support/tagged_logging.rb:71:in `tagged'
railties (5.2.1) lib/rails/rack/logger.rb:26:in `call'
sprockets-rails (3.2.1) lib/sprockets/rails/quiet_assets.rb:13:in `call'
actionpack (5.2.1) lib/action_dispatch/middleware/remote_ip.rb:81:in `call'
actionpack (5.2.1) lib/action_dispatch/middleware/request_id.rb:27:in `call'
rack (2.0.5) lib/rack/method_override.rb:22:in `call'
rack (2.0.5) lib/rack/runtime.rb:22:in `call'
activesupport (5.2.1) lib/active_support/cache/strategy/local_cache_middleware.rb:29:in `call'
actionpack (5.2.1) lib/action_dispatch/middleware/executor.rb:14:in `call'
actionpack (5.2.1) lib/action_dispatch/middleware/static.rb:127:in `call'
rack (2.0.5) lib/rack/sendfile.rb:111:in `call'
railties (5.2.1) lib/rails/engine.rb:524:in `call'
puma (3.12.0) lib/puma/configuration.rb:225:in `call'
puma (3.12.0) lib/puma/server.rb:658:in `handle_request'
puma (3.12.0) lib/puma/server.rb:472:in `process_client'
puma (3.12.0) lib/puma/server.rb:332:in `block in run'
puma (3.12.0) lib/puma/thread_pool.rb:133:in `block in spawn_thread'
Started GET "/Cadastro_Prods" for 127.0.0.1 at 2018-09-27 00:12:52 -0300
  
ActionController::RoutingError (No route matches [GET] "/Cadastro_Prods"):
  
actionpack (5.2.1) lib/action_dispatch/middleware/debug_exceptions.rb:65:in `call'
web-console (3.7.0) lib/web_console/middleware.rb:135:in `call_app'
web-console (3.7.0) lib/web_console/middleware.rb:30:in `block in call'
web-console (3.7.0) lib/web_console/middleware.rb:20:in `catch'
web-console (3.7.0) lib/web_console/middleware.rb:20:in `call'
actionpack (5.2.1) lib/action_dispatch/middleware/show_exceptions.rb:33:in `call'
railties (5.2.1) lib/rails/rack/logger.rb:38:in `call_app'
railties (5.2.1) lib/rails/rack/logger.rb:26:in `block in call'
activesupport (5.2.1) lib/active_support/tagged_logging.rb:71:in `block in tagged'
activesupport (5.2.1) lib/active_support/tagged_logging.rb:28:in `tagged'
activesupport (5.2.1) lib/active_support/tagged_logging.rb:71:in `tagged'
railties (5.2.1) lib/rails/rack/logger.rb:26:in `call'
sprockets-rails (3.2.1) lib/sprockets/rails/quiet_assets.rb:13:in `call'
actionpack (5.2.1) lib/action_dispatch/middleware/remote_ip.rb:81:in `call'
actionpack (5.2.1) lib/action_dispatch/middleware/request_id.rb:27:in `call'
rack (2.0.5) lib/rack/method_override.rb:22:in `call'
rack (2.0.5) lib/rack/runtime.rb:22:in `call'
activesupport (5.2.1) lib/active_support/cache/strategy/local_cache_middleware.rb:29:in `call'
actionpack (5.2.1) lib/action_dispatch/middleware/executor.rb:14:in `call'
actionpack (5.2.1) lib/action_dispatch/middleware/static.rb:127:in `call'
rack (2.0.5) lib/rack/sendfile.rb:111:in `call'
railties (5.2.1) lib/rails/engine.rb:524:in `call'
puma (3.12.0) lib/puma/configuration.rb:225:in `call'
puma (3.12.0) lib/puma/server.rb:658:in `handle_request'
puma (3.12.0) lib/puma/server.rb:472:in `process_client'
puma (3.12.0) lib/puma/server.rb:332:in `block in run'
puma (3.12.0) lib/puma/thread_pool.rb:133:in `block in spawn_thread'
Started GET "/cadastro_prods" for 127.0.0.1 at 2018-09-27 00:13:00 -0300
Processing by CadastroProdsController#index as HTML
  Rendering cadastro_prods/index.html.erb within layouts/application
  [1m[36mCadastroProd Load (38.9ms)[0m  [1m[34mSELECT "cadastro_prods".* FROM "cadastro_prods"[0m
  ↳ app/views/cadastro_prods/index.html.erb:17
  Rendered cadastro_prods/index.html.erb within layouts/application (61.6ms)
Completed 200 OK in 3402ms (Views: 3249.4ms | ActiveRecord: 59.0ms)


Started GET "/cadastroprods" for 127.0.0.1 at 2018-09-27 00:13:45 -0300
  
ActionController::RoutingError (No route matches [GET] "/cadastroprods"):
  
actionpack (5.2.1) lib/action_dispatch/middleware/debug_exceptions.rb:65:in `call'
web-console (3.7.0) lib/web_console/middleware.rb:135:in `call_app'
web-console (3.7.0) lib/web_console/middleware.rb:30:in `block in call'
web-console (3.7.0) lib/web_console/middleware.rb:20:in `catch'
web-console (3.7.0) lib/web_console/middleware.rb:20:in `call'
actionpack (5.2.1) lib/action_dispatch/middleware/show_exceptions.rb:33:in `call'
railties (5.2.1) lib/rails/rack/logger.rb:38:in `call_app'
railties (5.2.1) lib/rails/rack/logger.rb:26:in `block in call'
activesupport (5.2.1) lib/active_support/tagged_logging.rb:71:in `block in tagged'
activesupport (5.2.1) lib/active_support/tagged_logging.rb:28:in `tagged'
activesupport (5.2.1) lib/active_support/tagged_logging.rb:71:in `tagged'
railties (5.2.1) lib/rails/rack/logger.rb:26:in `call'
sprockets-rails (3.2.1) lib/sprockets/rails/quiet_assets.rb:13:in `call'
actionpack (5.2.1) lib/action_dispatch/middleware/remote_ip.rb:81:in `call'
actionpack (5.2.1) lib/action_dispatch/middleware/request_id.rb:27:in `call'
rack (2.0.5) lib/rack/method_override.rb:22:in `call'
rack (2.0.5) lib/rack/runtime.rb:22:in `call'
activesupport (5.2.1) lib/active_support/cache/strategy/local_cache_middleware.rb:29:in `call'
actionpack (5.2.1) lib/action_dispatch/middleware/executor.rb:14:in `call'
actionpack (5.2.1) lib/action_dispatch/middleware/static.rb:127:in `call'
rack (2.0.5) lib/rack/sendfile.rb:111:in `call'
railties (5.2.1) lib/rails/engine.rb:524:in `call'
puma (3.12.0) lib/puma/configuration.rb:225:in `call'
puma (3.12.0) lib/puma/server.rb:658:in `handle_request'
puma (3.12.0) lib/puma/server.rb:472:in `process_client'
puma (3.12.0) lib/puma/server.rb:332:in `block in run'
puma (3.12.0) lib/puma/thread_pool.rb:133:in `block in spawn_thread'
Started GET "/cadastro_prods" for 127.0.0.1 at 2018-09-27 00:13:55 -0300
Processing by CadastroProdsController#index as HTML
  Rendering cadastro_prods/index.html.erb within layouts/application
  [1m[36mCadastroProd Load (2.8ms)[0m  [1m[34mSELECT "cadastro_prods".* FROM "cadastro_prods"[0m
  ↳ app/views/cadastro_prods/index.html.erb:17
  Rendered cadastro_prods/index.html.erb within layouts/application (4.9ms)
Completed 200 OK in 48ms (Views: 41.6ms | ActiveRecord: 2.8ms)


Started GET "/cadastro_prods/new" for 127.0.0.1 at 2018-09-27 00:13:58 -0300
Processing by CadastroProdsController#new as HTML
  Rendering cadastro_prods/new.html.erb within layouts/application
  Rendered cadastro_prods/_form.html.erb (484.2ms)
  Rendered cadastro_prods/new.html.erb within layouts/application (752.1ms)
Completed 200 OK in 922ms (Views: 785.7ms | ActiveRecord: 108.7ms)


Started POST "/cadastro_prods" for 127.0.0.1 at 2018-09-27 00:15:09 -0300
Processing by CadastroProdsController#create as HTML
  Parameters: {"utf8"=>"✓", "authenticity_token"=>"JGFUjtDM0j5018BigGjIApOs/IbcWmKZO9f8YsVEmjJkNWfbX4IBkb0de0Y5xF+AN86XLQP8PjXOK0BcOL8itw==", "cadastro_prod"=>{"categoria"=>"Normal", "produto"=>"Sabão Líquido", "preco"=>"12,50", "info"=>"Concentrado, Rede mais."}, "commit"=>"Create Cadastro prod"}
  [1m[35m (0.6ms)[0m  [1m[35mBEGIN[0m
  ↳ app/controllers/cadastro_prods_controller.rb:30
  [1m[36mCadastroProd Create (0.7ms)[0m  [1m[32mINSERT INTO "cadastro_prods" ("categoria", "produto", "preco", "info", "created_at", "updated_at") VALUES ($1, $2, $3, $4, $5, $6) RETURNING "id"[0m  [["categoria", "Normal"], ["produto", "Sabão Líquido"], ["preco", "12.0"], ["info", "Concentrado, Rede mais."], ["created_at", "2018-09-27 03:15:09.538554"], ["updated_at", "2018-09-27 03:15:09.538554"]]
  ↳ app/controllers/cadastro_prods_controller.rb:30
  [1m[35m (3.6ms)[0m  [1m[35mCOMMIT[0m
  ↳ app/controllers/cadastro_prods_controller.rb:30
Redirected to http://localhost:3000/cadastro_prods/1
Completed 302 Found in 11ms (ActiveRecord: 4.9ms)


Started GET "/cadastro_prods/1" for 127.0.0.1 at 2018-09-27 00:15:09 -0300
Processing by CadastroProdsController#show as HTML
  Parameters: {"id"=>"1"}
  [1m[36mCadastroProd Load (0.4ms)[0m  [1m[34mSELECT  "cadastro_prods".* FROM "cadastro_prods" WHERE "cadastro_prods"."id" = $1 LIMIT $2[0m  [["id", 1], ["LIMIT", 1]]
  ↳ app/controllers/cadastro_prods_controller.rb:67
  Rendering cadastro_prods/show.html.erb within layouts/application
  Rendered cadastro_prods/show.html.erb within layouts/application (0.7ms)
Completed 200 OK in 70ms (Views: 16.8ms | ActiveRecord: 0.6ms)


Started GET "/cadastro_prods" for 127.0.0.1 at 2018-09-27 00:15:15 -0300
Processing by CadastroProdsController#index as HTML
  Rendering cadastro_prods/index.html.erb within layouts/application
  [1m[36mCadastroProd Load (0.5ms)[0m  [1m[34mSELECT "cadastro_prods".* FROM "cadastro_prods"[0m
  ↳ app/views/cadastro_prods/index.html.erb:17
  Rendered cadastro_prods/index.html.erb within layouts/application (2.5ms)
Completed 200 OK in 25ms (Views: 23.6ms | ActiveRecord: 0.5ms)


Started GET "/cadastro_prods/1" for 127.0.0.1 at 2018-09-27 00:15:18 -0300
Processing by CadastroProdsController#show as HTML
  Parameters: {"id"=>"1"}
  [1m[36mCadastroProd Load (0.4ms)[0m  [1m[34mSELECT  "cadastro_prods".* FROM "cadastro_prods" WHERE "cadastro_prods"."id" = $1 LIMIT $2[0m  [["id", 1], ["LIMIT", 1]]
  ↳ app/controllers/cadastro_prods_controller.rb:67
  Rendering cadastro_prods/show.html.erb within layouts/application
  Rendered cadastro_prods/show.html.erb within layouts/application (0.9ms)
Completed 200 OK in 38ms (Views: 34.9ms | ActiveRecord: 0.4ms)


Started GET "/cadastro_prods/1/edit" for 127.0.0.1 at 2018-09-27 00:15:21 -0300
Processing by CadastroProdsController#edit as HTML
  Parameters: {"id"=>"1"}
  [1m[36mCadastroProd Load (0.3ms)[0m  [1m[34mSELECT  "cadastro_prods".* FROM "cadastro_prods" WHERE "cadastro_prods"."id" = $1 LIMIT $2[0m  [["id", 1], ["LIMIT", 1]]
  ↳ app/controllers/cadastro_prods_controller.rb:67
  Rendering cadastro_prods/edit.html.erb within layouts/application
  Rendered cadastro_prods/_form.html.erb (2.0ms)
  Rendered cadastro_prods/edit.html.erb within layouts/application (3.0ms)
Completed 200 OK in 68ms (Views: 19.9ms | ActiveRecord: 0.3ms)


Started PATCH "/cadastro_prods/1" for 127.0.0.1 at 2018-09-27 00:15:28 -0300
Processing by CadastroProdsController#update as HTML
  Parameters: {"utf8"=>"✓", "authenticity_token"=>"HlMLmEYGEuJ6OWjb/7iph7rwVSLfFTPly8an3NITOOnRSC5XYYOWL3pia9zvcJLUn7JMurWhaLYGgRdx5uWjrQ==", "cadastro_prod"=>{"categoria"=>"Normal", "produto"=>"Sabão Líquido", "preco"=>"12.0", "info"=>"Concentrado."}, "commit"=>"Update Cadastro prod", "id"=>"1"}
  [1m[36mCadastroProd Load (0.3ms)[0m  [1m[34mSELECT  "cadastro_prods".* FROM "cadastro_prods" WHERE "cadastro_prods"."id" = $1 LIMIT $2[0m  [["id", 1], ["LIMIT", 1]]
  ↳ app/controllers/cadastro_prods_controller.rb:67
  [1m[35m (0.1ms)[0m  [1m[35mBEGIN[0m
  ↳ app/controllers/cadastro_prods_controller.rb:44
  [1m[36mCadastroProd Update (24.9ms)[0m  [1m[33mUPDATE "cadastro_prods" SET "info" = $1, "updated_at" = $2 WHERE "cadastro_prods"."id" = $3[0m  [["info", "Concentrado."], ["updated_at", "2018-09-27 03:15:28.073791"], ["id", 1]]
  ↳ app/controllers/cadastro_prods_controller.rb:44
  [1m[35m (20.0ms)[0m  [1m[35mCOMMIT[0m
  ↳ app/controllers/cadastro_prods_controller.rb:44
Redirected to http://localhost:3000/cadastro_prods/1
Completed 302 Found in 50ms (ActiveRecord: 45.4ms)


Started GET "/cadastro_prods/1" for 127.0.0.1 at 2018-09-27 00:15:28 -0300
Processing by CadastroProdsController#show as HTML
  Parameters: {"id"=>"1"}
  [1m[36mCadastroProd Load (0.3ms)[0m  [1m[34mSELECT  "cadastro_prods".* FROM "cadastro_prods" WHERE "cadastro_prods"."id" = $1 LIMIT $2[0m  [["id", 1], ["LIMIT", 1]]
  ↳ app/controllers/cadastro_prods_controller.rb:67
  Rendering cadastro_prods/show.html.erb within layouts/application
  Rendered cadastro_prods/show.html.erb within layouts/application (0.6ms)
Completed 200 OK in 29ms (Views: 26.9ms | ActiveRecord: 0.3ms)


Started GET "/cadastro_prods" for 127.0.0.1 at 2018-09-27 00:15:33 -0300
Processing by CadastroProdsController#index as HTML
  Rendering cadastro_prods/index.html.erb within layouts/application
  [1m[36mCadastroProd Load (0.3ms)[0m  [1m[34mSELECT "cadastro_prods".* FROM "cadastro_prods"[0m
  ↳ app/views/cadastro_prods/index.html.erb:17
  Rendered cadastro_prods/index.html.erb within layouts/application (2.0ms)
Completed 200 OK in 37ms (Views: 27.2ms | ActiveRecord: 0.3ms)


Started GET "/cadastro_prods/new" for 127.0.0.1 at 2018-09-27 00:15:34 -0300
Processing by CadastroProdsController#new as HTML
  Rendering cadastro_prods/new.html.erb within layouts/application
  Rendered cadastro_prods/_form.html.erb (2.4ms)
  Rendered cadastro_prods/new.html.erb within layouts/application (4.6ms)
Completed 200 OK in 22ms (Views: 21.2ms | ActiveRecord: 0.0ms)


Started POST "/cadastro_prods" for 127.0.0.1 at 2018-09-27 00:16:28 -0300
Processing by CadastroProdsController#create as HTML
  Parameters: {"utf8"=>"✓", "authenticity_token"=>"iaOaNZjEGTyPO6LqOoA3KWXSlsbvFYZAGc6M5DFf4p7J96lgF4rKk0bxGc6DLKCrwbD9bTCz2uzsMjDazKRaGw==", "cadastro_prod"=>{"categoria"=>"Alimentos", "produto"=>"Sorvete", "preco"=>"15,30", "info"=>"Sorvete de chocolate, Kibon. "}, "commit"=>"Create Cadastro prod"}
  [1m[35m (0.1ms)[0m  [1m[35mBEGIN[0m
  ↳ app/controllers/cadastro_prods_controller.rb:30
  [1m[36mCadastroProd Create (0.4ms)[0m  [1m[32mINSERT INTO "cadastro_prods" ("categoria", "produto", "preco", "info", "created_at", "updated_at") VALUES ($1, $2, $3, $4, $5, $6) RETURNING "id"[0m  [["categoria", "Alimentos"], ["produto", "Sorvete"], ["preco", "15.0"], ["info", "Sorvete de chocolate, Kibon. "], ["created_at", "2018-09-27 03:16:28.838975"], ["updated_at", "2018-09-27 03:16:28.838975"]]
  ↳ app/controllers/cadastro_prods_controller.rb:30
  [1m[35m (75.6ms)[0m  [1m[35mCOMMIT[0m
  ↳ app/controllers/cadastro_prods_controller.rb:30
Redirected to http://localhost:3000/cadastro_prods/2
Completed 302 Found in 80ms (ActiveRecord: 76.2ms)


Started GET "/cadastro_prods/2" for 127.0.0.1 at 2018-09-27 00:16:28 -0300
Processing by CadastroProdsController#show as HTML
  Parameters: {"id"=>"2"}
  [1m[36mCadastroProd Load (0.4ms)[0m  [1m[34mSELECT  "cadastro_prods".* FROM "cadastro_prods" WHERE "cadastro_prods"."id" = $1 LIMIT $2[0m  [["id", 2], ["LIMIT", 1]]
  ↳ app/controllers/cadastro_prods_controller.rb:67
  Rendering cadastro_prods/show.html.erb within layouts/application
  Rendered cadastro_prods/show.html.erb within layouts/application (0.8ms)
Completed 200 OK in 17ms (Views: 14.7ms | ActiveRecord: 0.4ms)


Started GET "/cadastro_prods" for 127.0.0.1 at 2018-09-27 00:17:07 -0300
Processing by CadastroProdsController#index as HTML
  Rendering cadastro_prods/index.html.erb within layouts/application
  [1m[36mCadastroProd Load (0.4ms)[0m  [1m[34mSELECT "cadastro_prods".* FROM "cadastro_prods"[0m
  ↳ app/views/cadastro_prods/index.html.erb:17
  Rendered cadastro_prods/index.html.erb within layouts/application (2.7ms)
Completed 200 OK in 24ms (Views: 22.5ms | ActiveRecord: 0.4ms)


